<?xml version="1.0" encoding="UTF-8"?>
<!-- Generated by org.testng.reporters.JUnitXMLReporter -->
<testsuite hostname="DESKTOP-5RMBV1C" ignored="0" name="Expedia Test Cases" tests="4" failures="0" timestamp="10 Mar 2018 03:45:14 GMT" time="97.506" errors="0">
  <testcase name="SearchFlight" time="19.717" classname="TestNG.FlightSearchTest"/>
  <testcase name="Registration" time="17.768" classname="TestNG.RegistrationTest"/>
  <testcase name="Registration" time="15.074" classname="TestNG.RegistrationTest"/>
  <testcase name="Registration" time="13.116" classname="TestNG.RegistrationTest"/>
</testsuite> <!-- Expedia Test Cases -->
