<?xml version="1.0" encoding="UTF-8"?>
<!-- Generated by org.testng.reporters.JUnitXMLReporter -->
<testsuite hostname="DESKTOP-5RMBV1C" ignored="0" name="Default test" tests="3" failures="0" timestamp="10 Mar 2018 03:25:56 GMT" time="70.25" errors="0">
  <testcase name="Registration" time="15.355" classname="TestNG.RegistrationTest"/>
  <testcase name="Registration" time="14.164" classname="TestNG.RegistrationTest"/>
  <testcase name="Registration" time="12.691" classname="TestNG.RegistrationTest"/>
</testsuite> <!-- Default test -->
