<?xml version="1.0" encoding="UTF-8"?>
<testng-results skipped="0" failed="0" ignored="0" total="1" passed="1">
  <reporter-output>
  </reporter-output>
  <suite name="FREE CRM Application Test Automation Test Suite" duration-ms="37670" started-at="2018-03-10T05:36:27Z" finished-at="2018-03-10T05:37:05Z">
    <groups>
    </groups>
    <test name="Expedia Test Cases" duration-ms="37670" started-at="2018-03-10T05:36:27Z" finished-at="2018-03-10T05:37:05Z">
      <class name="TestNG.FlightSearchTest">
        <test-method status="PASS" signature="setup()[pri:0, instance:TestNG.FlightSearchTest@31ef45e3]" name="setup" is-config="true" duration-ms="13936" started-at="2018-03-10T16:36:28Z" finished-at="2018-03-10T16:36:42Z">
          <reporter-output>
          </reporter-output>
        </test-method> <!-- setup -->
        <test-method status="PASS" signature="SearchFlight(java.lang.String, java.lang.String, java.lang.String, java.lang.String, java.lang.String, java.lang.String, java.lang.String, java.lang.String)[pri:0, instance:TestNG.FlightSearchTest@31ef45e3]" name="SearchFlight" duration-ms="23034" started-at="2018-03-10T16:36:42Z" data-provider="getData" finished-at="2018-03-10T16:37:05Z">
          <params>
            <param index="0">
              <value>
                <![CDATA[Melbourne]]>
              </value>
            </param>
            <param index="1">
              <value>
                <![CDATA[Sydney]]>
              </value>
            </param>
            <param index="2">
              <value>
                <![CDATA[30-03-2018]]>
              </value>
            </param>
            <param index="3">
              <value>
                <![CDATA[30-05-2018]]>
              </value>
            </param>
            <param index="4">
              <value>
                <![CDATA[3.0]]>
              </value>
            </param>
            <param index="5">
              <value>
                <![CDATA[2.0]]>
              </value>
            </param>
            <param index="6">
              <value>
                <![CDATA[1.0]]>
              </value>
            </param>
            <param index="7">
              <value>
                <![CDATA[2.0]]>
              </value>
            </param>
          </params>
          <reporter-output>
          </reporter-output>
        </test-method> <!-- SearchFlight -->
        <test-method status="PASS" signature="teardown()[pri:0, instance:TestNG.FlightSearchTest@31ef45e3]" name="teardown" is-config="true" duration-ms="0" started-at="2018-03-10T16:37:05Z" finished-at="2018-03-10T16:37:05Z">
          <reporter-output>
          </reporter-output>
        </test-method> <!-- teardown -->
      </class> <!-- TestNG.FlightSearchTest -->
    </test> <!-- Expedia Test Cases -->
  </suite> <!-- FREE CRM Application Test Automation Test Suite -->
</testng-results>
